Active-HDL 13.0.375.8320 2022-07-08 16:21:40

Elaboration top modules:
Architecture                  TB_ARCHITECTURE(processor_tb)


----------------------------------------------------------------------------------------------------
Entity       | Architecture    | Library   | Info | Compiler Version          | Compilation Options
----------------------------------------------------------------------------------------------------
processor_tb | TB_ARCHITECTURE | processor |      | 13.0.375.8320 (Windows64) | -O3
Processor    | behavioral      | processor |      | 13.0.375.8320 (Windows64) | -O3
----------------------------------------------------------------------------------------------------

----------------------------------------------------------------------------------------------------
VHDL Package                   | Library   | Info | Compiler Version          | Compilation Options
----------------------------------------------------------------------------------------------------
standard                       | std       |      |                           | <unavailable>
TEXTIO                         | std       |      | 13.0.375.8320 (Windows64) |  -2019
std_logic_1164                 | ieee      |      | 13.0.375.8320 (Windows64) |  -2008
NUMERIC_STD                    | ieee      |      | 13.0.375.8320 (Windows64) |  -2008
----------------------------------------------------------------------------------------------------

----------------------------------------------------------------------------------------------------
Library                        | Comment
----------------------------------------------------------------------------------------------------
ieee                           | Standard IEEE packages library
processor                      | None
std                            | Standard VHDL library
----------------------------------------------------------------------------------------------------


Simulation Options: asim -O5 +access +r +m+processor_tb processor_tb TB_ARCHITECTURE

