Active-HDL 13.0.375.8320 2022-07-09 18:59:00

Elaboration top modules:
Architecture                  behavioral(io)


------------------------------------------------------------------------------------------------------------------
Entity                | Architecture           | Library | Info | Compiler Version          | Compilation Options
------------------------------------------------------------------------------------------------------------------
io                    | behavioral             | storage |      | 13.0.375.8320 (Windows64) | -O3
Processor             | Processor_behavioral   | storage |      | 13.0.375.8320 (Windows64) | -O3
Fully_Associative_TLB | TLB_behavioral         | storage |      | 13.0.375.8320 (Windows64) | -O3
Direct_Cach           | Direct_Cach_behavioral | storage |      | 13.0.375.8320 (Windows64) | -O3
------------------------------------------------------------------------------------------------------------------

------------------------------------------------------------------------------------------------------------------
VHDL Package                                   | Library | Info | Compiler Version          | Compilation Options
------------------------------------------------------------------------------------------------------------------
standard                                       | std     |      |                           | <unavailable>
TEXTIO                                         | std     |      | 13.0.375.8320 (Windows64) |  -2019
std_logic_1164                                 | ieee    |      | 13.0.375.8320 (Windows64) |  -2008
NUMERIC_STD                                    | ieee    |      | 13.0.375.8320 (Windows64) |  -2008
my_package                                     | storage |      | 13.0.375.8320 (Windows64) | -O3
------------------------------------------------------------------------------------------------------------------

------------------------------------------------------------------------------------------------------------------
Library                                        | Comment
------------------------------------------------------------------------------------------------------------------
ieee                                           | Standard IEEE packages library
std                                            | Standard VHDL library
storage                                        | None
------------------------------------------------------------------------------------------------------------------
