asim -O5 +access +r +m+processor_tb processor_tb TB_ARCHITECTURE
# ELBREAD: Elaboration process.
# ELBREAD: Elaboration time 0.0 [s].
# VSIM: Stack memory: 32MB
# VSIM: Retval memory: 32MB
# KERNEL: Main thread initiated.
# KERNEL: Kernel process initialization phase.
# ELAB2: Elaboration final pass...
# ELAB2: Create instances ...
# KERNEL: Time resolution set to 1ps.
# ELAB2: Create instances complete.
# SLP: Started
# SLP: Elaboration phase ...
# SLP: Elaboration phase ... skipped, nothing to simulate in SLP mode : 0.0 [s]
# SLP: Finished : 0.0 [s]
# ELAB2: Elaboration final pass complete - time: 0.1 [s].
# KERNEL: Kernel process initialization done.
# Allocation: Simulator allocated 5565 kB (elbread=427 elab2=4999 kernel=138 sdf=0)
# KERNEL: ASDB file was created in location F:\CA\Project\CA_Project\ca_project\Processor\src\wave.asdb
#  4:21 PM, Friday, July 8, 2022
#  Simulation has been initialized
run 600 ns
# RUNTIME: Fatal Error: RUNTIME_0047 processor.vhd (26): Index -2147483648 out of range (0 to 3).
# KERNEL: Time: 0 ps,  Iteration: 0,  Instance: /processor_tb/UUT,  Process: line__18.
# KERNEL: Stopped at time 0 ps + 0.
# VSIM: Error: Fatal error occurred during simulation.
endsim
# VSIM: Simulation has finished.
# Design: Design "cach" has been set as active.
